<?xml version="1.0" encoding="UTF-8"?>
<!-- Generated by org.testng.reporters.JUnitReportReporter -->
<testsuite hostname="DESKTOP-AIN97HJ" failures="0" tests="1" name="Testengine.Runnerclass" time="13.873" errors="0" timestamp="2023-08-24T16:04:50 IST" skipped="0">
  <testcase classname="Testengine.Runnerclass" name="test1" time="13.873"/>
</testsuite> <!-- Testengine.Runnerclass -->
