<?xml version="1.0" encoding="UTF-8"?>
<!-- Generated by org.testng.reporters.JUnitReportReporter -->
<testsuite hostname="DESKTOP-AIN97HJ" failures="0" tests="2" name="TestNG2.groups" time="0.024" errors="0" timestamp="2023-08-29T10:31:26 IST" skipped="0">
  <testcase classname="TestNG2.groups" name="test1" time="0.021"/>
  <testcase classname="TestNG2.groups" name="test2" time="0.003"/>
</testsuite> <!-- TestNG2.groups -->
